<?xml version="1.0" encoding="UTF-8"?>
<testng-results ignored="0" total="1" passed="1" failed="0" skipped="0">
  <reporter-output>
  </reporter-output>
  <suite started-at="2025-06-22T07:16:24 IST" name="Default suite" finished-at="2025-06-22T07:16:26 IST" duration-ms="2062">
    <groups>
    </groups>
    <test started-at="2025-06-22T07:16:24 IST" name="Default test" finished-at="2025-06-22T07:16:26 IST" duration-ms="2062">
      <class name="api.SampleApiTest">
        <test-method signature="getUserTest()[pri:0, instance:api.SampleApiTest@52af26ee]" started-at="2025-06-22T07:16:24 IST" name="getUserTest" finished-at="2025-06-22T07:16:26 IST" duration-ms="2020" status="PASS">
          <reporter-output>
          </reporter-output>
        </test-method> <!-- getUserTest -->
      </class> <!-- api.SampleApiTest -->
    </test> <!-- Default test -->
  </suite> <!-- Default suite -->
</testng-results>
